<?xml version="1.0" encoding="UTF-8"?>
<testng-results ignored="0" total="1" passed="1" failed="0" skipped="0">
  <reporter-output>
  </reporter-output>
  <suite started-at="2021-10-16T14:58:01 WIB" name="Default suite" finished-at="2021-10-16T14:58:12 WIB" duration-ms="11041">
    <groups>
    </groups>
    <test started-at="2021-10-16T14:58:01 WIB" name="Default test" finished-at="2021-10-16T14:58:12 WIB" duration-ms="11041">
      <class name="com.github.b3kt.scraper.util.JsoupUtilTest">
        <test-method signature="searchProductTest()[pri:0, instance:com.github.b3kt.scraper.util.JsoupUtilTest@79079097]" started-at="2021-10-16T14:58:01 WIB" name="searchProductTest" finished-at="2021-10-16T14:58:12 WIB" duration-ms="10991" status="PASS">
          <reporter-output>
          </reporter-output>
        </test-method> <!-- searchProductTest -->
      </class> <!-- com.github.b3kt.scraper.util.JsoupUtilTest -->
    </test> <!-- Default test -->
  </suite> <!-- Default suite -->
</testng-results>
